            --------------------------------------------------------
                             AMBER SQM VERSION 19
 
                                     By
              Ross C. Walker, Michael F. Crowley, Scott Brozell,
                         Tim Giese, Andreas W. Goetz,
                        Tai-Sung Lee and David A. Case
 
            --------------------------------------------------------
 

--------------------------------------------------------------------------------
  QM CALCULATION INFO
--------------------------------------------------------------------------------

| QMMM: Citation for AMBER QMMM Run:
| QMMM: R.C. Walker, M.F. Crowley and D.A. Case, J. COMP. CHEM. 29:1019, 2008

QMMM: SINGLET STATE CALCULATION
QMMM: RHF CALCULATION, NO. OF DOUBLY OCCUPIED LEVELS = 62

| QMMM: *** Selected Hamiltonian *** 
| QMMM: AM1         

| QMMM: *** Parameter sets in use ***
| QMMM: C : M.J.S.DEWAR et al. JACS, 107, 3902, (1985)
| QMMM: O : M.J.S.DEWAR et al. JACS, 107, 3902, (1985)
| QMMM: N : M.J.S.DEWAR et al. JACS, 107, 3902, (1985)
| QMMM: S : M.J.S.DEWAR et al. INORG. CHEM., 29, 3881, (1990)
| QMMM: H : M.J.S.DEWAR et al. JACS, 107, 3902, (1985)

| QMMM: *** SCF convergence criteria ***
| QMMM: Energy change                :  0.1D-09 kcal/mol
| QMMM: Error matrix |FP-PF|         :  0.1D+00 au
| QMMM: Density matrix change        :  0.5D-06
| QMMM: Maximum number of SCF cycles :     1000

| QMMM: *** Diagonalization Routine Information ***
| QMMM: Pseudo diagonalizations are allowed.
| QMMM: Auto diagonalization routine selection is in use.
| QMMM:
| QMMM: Timing diagonalization routines:
| QMMM:                              norbs =      114
| QMMM:    diag iterations used for timing =       10
| QMMM:
| QMMM:              Internal diag routine = 0.015965 seconds
| QMMM:                 Dspev diag routine = 0.013406 seconds
| QMMM:                Dspevd diag routine = 0.009365 seconds
| QMMM:                Dspevx diag routine = 0.052734 seconds
| QMMM:                 Dsyev diag routine = 0.014968 seconds
| QMMM:                Dsyevd diag routine = 0.010612 seconds
| QMMM:                Dsyevr diag routine = 0.012843 seconds
| QMMM:
| QMMM:                Pseudo diag routine = 0.004922 seconds
| QMMM:
| QMMM: Using dspevd routine (diag_routine=3).

  QMMM: QM Region Cartesian Coordinates (*=link atom) 
  QMMM: QM_NO.   MM_NO.  ATOM         X         Y         Z
  QMMM:     1        1      C        5.0020    2.5920    1.6290
  QMMM:     2        2      O        5.1700    2.9570    0.2650
  QMMM:     3        3      C        4.0460    2.9370   -0.5270
  QMMM:     4        4      C        4.1920    3.5390   -1.7910
  QMMM:     5        5      N        5.3670    4.2450   -2.1160
  QMMM:     6        6      C        3.0880    3.6140   -2.6420
  QMMM:     7        7      C        1.8740    3.0240   -2.2830
  QMMM:     8        8      C        1.7260    2.3710   -1.0510
  QMMM:     9        9      C        2.8290    2.3410   -0.1760
  QMMM:    10       10      C        0.4500    1.7460   -0.6780
  QMMM:    11       11      C       -0.7430    2.4730   -0.6710
  QMMM:    12       12      C       -1.9170    1.8030   -0.2980
  QMMM:    13       13      C       -1.9050    0.4550    0.0620
  QMMM:    14       14      N       -0.7430   -0.2690    0.0490
  QMMM:    15       15      C        0.3710    0.4030   -0.3160
  QMMM:    16       16      C       -3.2610   -0.0000    0.4080
  QMMM:    17       17      N       -4.1940    0.9520    0.2930
  QMMM:    18       18      S       -3.5210    2.3700   -0.1850
  QMMM:    19       19      N       -3.5940   -1.2790    0.8230
  QMMM:    20       20      C       -4.9460   -1.7600    0.4560
  QMMM:    21       21      C       -5.3320   -3.0010    1.2690
  QMMM:    22       22      O       -4.3560   -4.0420    1.1310
  QMMM:    23       23      C       -3.0930   -3.5780    1.6240
  QMMM:    24       24      C       -2.5840   -2.3530    0.8490
  QMMM:    25       25      H        4.7840    1.5230    1.7240
  QMMM:    26       26      H        5.9470    2.7850    2.1450
  QMMM:    27       27      H        4.2290    3.1980    2.1130
  QMMM:    28       28      H        5.5800    4.2560   -3.1070
  QMMM:    29       29      H        6.1470    3.9260   -1.5420
  QMMM:    30       30      H        3.1660    4.1380   -3.5910
  QMMM:    31       31      H        1.0410    3.0810   -2.9810
  QMMM:    32       32      H        2.7110    1.8530    0.7870
  QMMM:    33       33      H       -0.7670    3.5260   -0.9340
  QMMM:    34       34      H        1.2680   -0.2160   -0.3200
  QMMM:    35       35      H       -4.9470   -2.0110   -0.6120
  QMMM:    36       36      H       -5.7120   -0.9960    0.6300
  QMMM:    37       37      H       -5.4500   -2.7560    2.3320
  QMMM:    38       38      H       -6.2890   -3.3940    0.9120
  QMMM:    39       39      H       -2.3760   -4.4000    1.5270
  QMMM:    40       40      H       -3.1900   -3.3510    2.6930
  QMMM:    41       41      H       -2.3440   -2.6460   -0.1800
  QMMM:    42       42      H       -1.6720   -2.0280    1.3580

--------------------------------------------------------------------------------
  RESULTS
--------------------------------------------------------------------------------

      iter         sqm energy              rms gradient
      ----    -------------------    -----------------------
xmin    10       20.3030 kcal/mol        0.3771 kcal/(mol*A)
xmin    20       20.1097 kcal/mol        0.3726 kcal/(mol*A)
xmin    30       20.0042 kcal/mol        0.0909 kcal/(mol*A)
xmin    40       19.8838 kcal/mol        0.2877 kcal/(mol*A)
xmin    50       19.5809 kcal/mol        0.6807 kcal/(mol*A)
xmin    60       19.0100 kcal/mol        0.1795 kcal/(mol*A)
xmin    70       19.3374 kcal/mol        2.1997 kcal/(mol*A)
xmin    80       18.8048 kcal/mol        0.1925 kcal/(mol*A)
xmin    90       18.7791 kcal/mol        0.1028 kcal/(mol*A)
xmin   100       18.7602 kcal/mol        0.0706 kcal/(mol*A)
xmin   110       18.7581 kcal/mol        0.0609 kcal/(mol*A)
xmin   120       18.7546 kcal/mol        0.0417 kcal/(mol*A)
xmin   130       18.7543 kcal/mol        0.0193 kcal/(mol*A)
xmin   140       18.7540 kcal/mol        0.0069 kcal/(mol*A)
xmin   150       18.7540 kcal/mol        0.0078 kcal/(mol*A)
xmin   160       18.7539 kcal/mol        0.0053 kcal/(mol*A)
xmin   170       18.7539 kcal/mol        0.0023 kcal/(mol*A)
xmin   180       18.7539 kcal/mol        0.0012 kcal/(mol*A)
  ... geometry converged !
 
 Final MO eigenvalues (eV):
 -41.2602  -40.6639  -40.0679  -38.4297  -37.6949  -36.0030  -35.2172  -33.5204
 -32.0490  -31.7055  -30.9654  -28.9868  -28.4053  -27.6784  -25.3351  -24.9965
 -24.7341  -23.1359  -22.8845  -22.0545  -20.8534  -19.5113  -18.7011  -18.3173
 -18.0079  -17.8949  -17.3964  -17.0686  -16.9882  -16.5635  -16.2038  -16.1250
 -15.9500  -15.8931  -15.5190  -15.4537  -15.1506  -14.9510  -14.5075  -14.2480
 -14.1316  -13.8402  -13.3863  -13.3196  -13.2213  -12.8776  -12.5156  -12.4476
 -12.4077  -12.2370  -12.0721  -11.8052  -11.7470  -11.6145  -11.5107  -10.8734
 -10.6428  -10.1171   -9.9054   -9.6332   -8.5203   -8.3818   -0.8205   -0.1214
   0.2372    0.2751    0.5192    0.8026    1.0143    2.1386    2.2880    2.3917
   2.7007    2.8451    3.0208    3.1148    3.3110    3.5247    3.5776    3.6028
   3.7633    3.8017    3.8576    3.8964    3.9140    3.9496    3.9819    4.0016
   4.0339    4.1169    4.1673    4.2194    4.3783    4.4166    4.4809    4.4912
   4.5882    4.6146    4.7362    4.7522    4.7846    4.8832    4.9732    5.0545
   5.3584    5.4278    5.4880    5.8276    5.8372    6.0027    6.1288    6.1578
   6.3088    6.5763

 Heat of formation   =         18.75386695 kcal/mol  (        0.81322870 eV)

 Total SCF energy    =     -94228.20362978 kcal/mol  (    -4086.04152594 eV)
 Electronic energy   =    -660268.87112361 kcal/mol  (   -28631.40675268 eV)
 Core-core repulsion =     566040.66749384 kcal/mol  (    24545.36522674 eV)
 
    Atomic Charges for Step       1 :
  Atom    Element       Mulliken Charge
     1      C                 -0.071
     2      O                 -0.228
     3      C                  0.007
     4      C                  0.061
     5      N                 -0.319
     6      C                 -0.176
     7      C                 -0.097
     8      C                 -0.067
     9      C                 -0.136
    10      C                 -0.048
    11      C                 -0.057
    12      C                 -0.370
    13      C                 -0.071
    14      N                 -0.081
    15      C                 -0.073
    16      C                  0.085
    17      N                 -0.341
    18      S                  0.522
    19      N                 -0.180
    20      C                 -0.097
    21      C                 -0.027
    22      O                 -0.272
    23      C                 -0.025
    24      C                 -0.094
    25      H                  0.068
    26      H                  0.103
    27      H                  0.080
    28      H                  0.187
    29      H                  0.202
    30      H                  0.138
    31      H                  0.135
    32      H                  0.142
    33      H                  0.150
    34      H                  0.166
    35      H                  0.088
    36      H                  0.110
    37      H                  0.082
    38      H                  0.110
    39      H                  0.110
    40      H                  0.085
    41      H                  0.075
    42      H                  0.124
 Total Mulliken Charge =      -0.000
 
                  X        Y        Z     TOTAL  
  QM DIPOLE     3.243    1.407   -0.702    3.604
 
 Final Structure

  QMMM: QM Region Cartesian Coordinates (*=link atom) 
  QMMM: QM_NO.   MM_NO.  ATOM         X         Y         Z
  QMMM:     1        1      C        4.7270    2.7313    1.8867
  QMMM:     2        2      O        5.0730    2.8501    0.5105
  QMMM:     3        3      C        4.0010    2.9261   -0.3690
  QMMM:     4        4      C        4.2397    3.6311   -1.5880
  QMMM:     5        5      N        5.4163    4.3481   -1.8052
  QMMM:     6        6      C        3.1975    3.6406   -2.5406
  QMMM:     7        7      C        1.9812    3.0208   -2.2830
  QMMM:     8        8      C        1.7548    2.3511   -1.0754
  QMMM:     9        9      C        2.7804    2.3048   -0.1202
  QMMM:    10       10      C        0.4758    1.7064   -0.8117
  QMMM:    11       11      C       -0.7276    2.2899   -1.1994
  QMMM:    12       12      C       -1.9205    1.6178   -0.9097
  QMMM:    13       13      C       -1.8498    0.3543   -0.2345
  QMMM:    14       14      N       -0.6843   -0.2256    0.1436
  QMMM:    15       15      C        0.4332    0.4439   -0.1428
  QMMM:    16       16      C       -3.2304   -0.1652   -0.0144
  QMMM:    17       17      N       -4.1702    0.6435   -0.5024
  QMMM:    18       18      S       -3.5388    1.9960   -1.1739
  QMMM:    19       19      N       -3.4586   -1.3441    0.7337
  QMMM:    20       20      C       -4.8248   -1.5118    1.2273
  QMMM:    21       21      C       -4.9462   -2.7460    2.1307
  QMMM:    22       22      O       -4.4663   -3.9196    1.4850
  QMMM:    23       23      C       -3.1209   -3.7759    1.0452
  QMMM:    24       24      C       -2.9524   -2.5675    0.1140
  QMMM:    25       25      H        4.4045    1.6847    2.1092
  QMMM:    26       26      H        5.6823    2.9669    2.4206
  QMMM:    27       27      H        3.9254    3.4553    2.1679
  QMMM:    28       28      H        5.6893    4.4104   -2.7607
  QMMM:    29       29      H        6.1626    4.1092   -1.1888
  QMMM:    30       30      H        3.3431    4.1590   -3.5009
  QMMM:    31       31      H        1.1883    3.0522   -3.0464
  QMMM:    32       32      H        2.6142    1.7799    0.8326
  QMMM:    33       33      H       -0.7439    3.2622   -1.7141
  QMMM:    34       34      H        1.3763   -0.0446    0.1652
  QMMM:    35       35      H       -5.5624   -1.6147    0.3802
  QMMM:    36       36      H       -5.0977   -0.5988    1.8250
  QMMM:    37       37      H       -4.3907   -2.5925    3.0931
  QMMM:    38       38      H       -6.0273   -2.9611    2.3373
  QMMM:    39       39      H       -2.9069   -4.7215    0.4816
  QMMM:    40       40      H       -2.4409   -3.6906    1.9333
  QMMM:    41       41      H       -3.4944   -2.7826   -0.8522
  QMMM:    42       42      H       -1.8589   -2.4457   -0.1116

           --------- Calculation Completed ----------

